0 verbose cli C:\Program Files\nodejs\node.exe C:\Program Files\nodejs\node_modules\npm\bin\npm-cli.js
1 info using npm@10.9.2
2 info using node@v22.13.1
3 silly config load:file:C:\Program Files\nodejs\node_modules\npm\npmrc
4 silly config load:file:C:\Users\tives\Documents\projects\react\cillanew\.npmrc
5 silly config load:file:C:\Users\tives\.npmrc
6 silly config load:file:C:\Users\tives\Documents\projects\react\cillanew\tivesmynameAppDataRoamingnpm-cache\etc\npmrc
7 verbose title npm install busboy
8 verbose argv "install" "busboy"
9 verbose logfile logs-max:10 dir:C:\Users\tives\Documents\projects\react\cillanew\tivesmynameAppDataRoamingnpm-cache\_logs\2025-05-15T23_27_50_354Z-
10 verbose logfile C:\Users\tives\Documents\projects\react\cillanew\tivesmynameAppDataRoamingnpm-cache\_logs\2025-05-15T23_27_50_354Z-debug-0.log
11 silly logfile start cleaning logs, removing 1 files
12 silly packumentCache heap:2197815296 maxSize:549453824 maxEntrySize:274726912
13 silly logfile done cleaning log files
14 silly idealTree buildDeps
15 silly fetch manifest busboy@*
16 silly packumentCache full:https://registry.npmjs.org/busboy cache-miss
17 http fetch GET 200 https://registry.npmjs.org/busboy 1484ms (cache miss)
18 silly packumentCache full:https://registry.npmjs.org/busboy set size:undefined disposed:false
19 silly placeDep ROOT busboy@1.6.0 REPLACE for: cilla@0.1.0 want: *
20 silly reify moves {}
21 silly audit bulk request {
21 silly audit   '@eslint-community/eslint-utils': [ '4.4.0' ],
21 silly audit   '@eslint-community/regexpp': [ '4.11.1' ],
21 silly audit   '@eslint/eslintrc': [ '2.1.4' ],
21 silly audit   '@eslint/js': [ '8.57.1' ],
21 silly audit   '@humanwhocodes/config-array': [ '0.13.0' ],
21 silly audit   '@humanwhocodes/module-importer': [ '1.0.1' ],
21 silly audit   '@humanwhocodes/object-schema': [ '2.0.3' ],
21 silly audit   '@isaacs/cliui': [ '8.0.2' ],
21 silly audit   'ansi-regex': [ '6.1.0', '5.0.1' ],
21 silly audit   'strip-ansi': [ '7.1.0', '6.0.1' ],
21 silly audit   '@next/env': [ '14.2.14' ],
21 silly audit   '@next/eslint-plugin-next': [ '14.2.14' ],
21 silly audit   '@next/swc-darwin-arm64': [ '14.2.14' ],
21 silly audit   '@next/swc-darwin-x64': [ '14.2.14' ],
21 silly audit   '@next/swc-linux-arm64-gnu': [ '14.2.14' ],
21 silly audit   '@next/swc-linux-arm64-musl': [ '14.2.14' ],
21 silly audit   '@next/swc-linux-x64-gnu': [ '14.2.14' ],
21 silly audit   '@next/swc-linux-x64-musl': [ '14.2.14' ],
21 silly audit   '@next/swc-win32-arm64-msvc': [ '14.2.14' ],
21 silly audit   '@next/swc-win32-ia32-msvc': [ '14.2.14' ],
21 silly audit   '@next/swc-win32-x64-msvc': [ '14.2.14' ],
21 silly audit   '@noble/hashes': [ '1.8.0' ],
21 silly audit   '@nodelib/fs.scandir': [ '2.1.5' ],
21 silly audit   '@nodelib/fs.stat': [ '2.0.5' ],
21 silly audit   '@nodelib/fs.walk': [ '1.2.8' ],
21 silly audit   '@nolyfill/is-core-module': [ '1.0.39' ],
21 silly audit   '@paralleldrive/cuid2': [ '2.2.2' ],
21 silly audit   '@pkgjs/parseargs': [ '0.11.0' ],
21 silly audit   '@rtsao/scc': [ '1.1.0' ],
21 silly audit   '@rushstack/eslint-patch': [ '1.10.4' ],
21 silly audit   '@swc/counter': [ '0.1.3' ],
21 silly audit   '@swc/helpers': [ '0.5.5' ],
21 silly audit   '@types/json5': [ '0.0.29' ],
21 silly audit   '@types/node': [ '22.15.18' ],
21 silly audit   '@types/react': [ '19.1.4' ],
21 silly audit   '@typescript-eslint/eslint-plugin': [ '8.8.0' ],
21 silly audit   '@typescript-eslint/parser': [ '8.8.0' ],
21 silly audit   '@typescript-eslint/scope-manager': [ '8.8.0' ],
21 silly audit   '@typescript-eslint/type-utils': [ '8.8.0' ],
21 silly audit   '@typescript-eslint/types': [ '8.8.0' ],
21 silly audit   '@typescript-eslint/typescript-estree': [ '8.8.0' ],
21 silly audit   'brace-expansion': [ '2.0.1', '1.1.11' ],
21 silly audit   minimatch: [ '9.0.5', '3.1.2' ],
21 silly audit   '@typescript-eslint/utils': [ '8.8.0' ],
21 silly audit   '@typescript-eslint/visitor-keys': [ '8.8.0' ],
21 silly audit   '@ungap/structured-clone': [ '1.2.0' ],
21 silly audit   acorn: [ '8.12.1' ],
21 silly audit   'acorn-jsx': [ '5.3.2' ],
21 silly audit   ajv: [ '6.12.6' ],
21 silly audit   'ansi-styles': [ '4.3.0', '6.2.1' ],
21 silly audit   argparse: [ '2.0.1' ],
21 silly audit   'aria-query': [ '5.1.3' ],
21 silly audit   'array-buffer-byte-length': [ '1.0.1' ],
21 silly audit   'array-includes': [ '3.1.8' ],
21 silly audit   'array.prototype.findlast': [ '1.2.5' ],
21 silly audit   'array.prototype.findlastindex': [ '1.2.5' ],
21 silly audit   'array.prototype.flat': [ '1.3.2' ],
21 silly audit   'array.prototype.flatmap': [ '1.3.2' ],
21 silly audit   'array.prototype.tosorted': [ '1.1.4' ],
21 silly audit   'arraybuffer.prototype.slice': [ '1.0.3' ],
21 silly audit   asap: [ '2.0.6' ],
21 silly audit   'ast-types-flow': [ '0.0.8' ],
21 silly audit   'available-typed-arrays': [ '1.0.7' ],
21 silly audit   'axe-core': [ '4.10.0' ],
21 silly audit   'axobject-query': [ '4.1.0' ],
21 silly audit   'balanced-match': [ '1.0.2' ],
21 silly audit   braces: [ '3.0.3' ],
21 silly audit   'call-bind': [ '1.0.7' ],
21 silly audit   callsites: [ '3.1.0' ],
21 silly audit   'caniuse-lite': [ '1.0.30001667' ],
21 silly audit   chalk: [ '4.1.2' ],
21 silly audit   chokidar: [ '4.0.1' ],
21 silly audit   'client-only': [ '0.0.1' ],
21 silly audit   'color-convert': [ '2.0.1' ],
21 silly audit   'color-name': [ '1.1.4' ],
21 silly audit   'concat-map': [ '0.0.1' ],
21 silly audit   'cross-spawn': [ '7.0.3' ],
21 silly audit   csstype: [ '3.1.3' ],
21 silly audit   'damerau-levenshtein': [ '1.0.8' ],
21 silly audit   'data-view-buffer': [ '1.0.1' ],
21 silly audit   'data-view-byte-length': [ '1.0.1' ],
21 silly audit   'data-view-byte-offset': [ '1.0.0' ],
21 silly audit   debug: [ '4.3.7', '3.2.7' ],
21 silly audit   'deep-equal': [ '2.2.3' ],
21 silly audit   'deep-is': [ '0.1.4' ],
21 silly audit   'define-data-property': [ '1.1.4' ],
21 silly audit   'define-properties': [ '1.2.1' ],
21 silly audit   dezalgo: [ '1.0.4' ],
21 silly audit   doctrine: [ '3.0.0', '2.1.0' ],
21 silly audit   eastasianwidth: [ '0.2.0' ],
21 silly audit   'emailjs-com': [ '3.2.0' ],
21 silly audit   'emoji-regex': [ '9.2.2', '8.0.0' ],
21 silly audit   'enhanced-resolve': [ '5.17.1' ],
21 silly audit   'es-abstract': [ '1.23.3' ],
21 silly audit   'es-define-property': [ '1.0.0' ],
21 silly audit   'es-errors': [ '1.3.0' ],
21 silly audit   'es-get-iterator': [ '1.1.3' ],
21 silly audit   'es-iterator-helpers': [ '1.0.19' ],
21 silly audit   'es-object-atoms': [ '1.0.0' ],
21 silly audit   'es-set-tostringtag': [ '2.0.3' ],
21 silly audit   'es-shim-unscopables': [ '1.0.2' ],
21 silly audit   'es-to-primitive': [ '1.2.1' ],
21 silly audit   'escape-string-regexp': [ '4.0.0' ],
21 silly audit   eslint: [ '8.57.1' ],
21 silly audit   'eslint-config-next': [ '14.2.14' ],
21 silly audit   'eslint-import-resolver-node': [ '0.3.9' ],
21 silly audit   'eslint-import-resolver-typescript': [ '3.6.3' ],
21 silly audit   'eslint-module-utils': [ '2.12.0' ],
21 silly audit   'eslint-plugin-import': [ '2.31.0' ],
21 silly audit   semver: [ '6.3.1', '7.6.3' ],
21 silly audit   'eslint-plugin-jsx-a11y': [ '6.10.0' ],
21 silly audit   'eslint-plugin-react': [ '7.37.1' ],
21 silly audit   'eslint-plugin-react-hooks': [ '4.6.2' ],
21 silly audit   resolve: [ '2.0.0-next.5', '1.22.8' ],
21 silly audit   'eslint-scope': [ '7.2.2' ],
21 silly audit   'eslint-visitor-keys': [ '3.4.3' ],
21 silly audit   espree: [ '9.6.1' ],
21 silly audit   esquery: [ '1.6.0' ],
21 silly audit   esrecurse: [ '4.3.0' ],
21 silly audit   estraverse: [ '5.3.0' ],
21 silly audit   esutils: [ '2.0.3' ],
21 silly audit   'fast-deep-equal': [ '3.1.3' ],
21 silly audit   'fast-glob': [ '3.3.2' ],
21 silly audit   'glob-parent': [ '5.1.2', '6.0.2' ],
21 silly audit   'fast-json-stable-stringify': [ '2.1.0' ],
21 silly audit   'fast-levenshtein': [ '2.0.6' ],
21 silly audit   fastq: [ '1.17.1' ],
21 silly audit   'file-entry-cache': [ '6.0.1' ],
21 silly audit   'fill-range': [ '7.1.1' ],
21 silly audit   'find-up': [ '5.0.0' ],
21 silly audit   'flat-cache': [ '3.2.0' ],
21 silly audit   flatted: [ '3.3.1' ],
21 silly audit   'for-each': [ '0.3.3' ],
21 silly audit   'foreground-child': [ '3.3.0' ],
21 silly audit   formidable: [ '3.5.4' ],
21 silly audit   'framer-motion': [ '11.11.8' ],
21 silly audit   'fs.realpath': [ '1.0.0' ],
21 silly audit   'function-bind': [ '1.1.2' ],
21 silly audit   'function.prototype.name': [ '1.1.6' ],
21 silly audit   'functions-have-names': [ '1.2.3' ],
21 silly audit   'get-intrinsic': [ '1.2.4' ],
21 silly audit   'get-symbol-description': [ '1.0.2' ],
21 silly audit   'get-tsconfig': [ '4.8.1' ],
21 silly audit   glob: [ '10.3.10', '7.2.3' ],
21 silly audit   globals: [ '13.24.0' ],
21 silly audit   globalthis: [ '1.0.4' ],
21 silly audit   gopd: [ '1.0.1' ],
21 silly audit   'graceful-fs': [ '4.2.11' ],
21 silly audit   graphemer: [ '1.4.0' ],
21 silly audit   'has-bigints': [ '1.0.2' ],
21 silly audit   'has-flag': [ '4.0.0' ],
21 silly audit   'has-property-descriptors': [ '1.0.2' ],
21 silly audit   'has-proto': [ '1.0.3' ],
21 silly audit   'has-symbols': [ '1.0.3' ],
21 silly audit   'has-tostringtag': [ '1.0.2' ],
21 silly audit   hasown: [ '2.0.2' ],
21 silly audit   ignore: [ '5.3.2' ],
21 silly audit   immutable: [ '4.3.7' ],
21 silly audit   'import-fresh': [ '3.3.0' ],
21 silly audit   imurmurhash: [ '0.1.4' ],
21 silly audit   inflight: [ '1.0.6' ],
21 silly audit   inherits: [ '2.0.4' ],
21 silly audit   'internal-slot': [ '1.0.7' ],
21 silly audit   'is-arguments': [ '1.1.1' ],
21 silly audit   'is-array-buffer': [ '3.0.4' ],
21 silly audit   'is-async-function': [ '2.0.0' ],
21 silly audit   'is-bigint': [ '1.0.4' ],
21 silly audit   'is-boolean-object': [ '1.1.2' ],
21 silly audit   'is-bun-module': [ '1.2.1' ],
21 silly audit   'is-callable': [ '1.2.7' ],
21 silly audit   'is-core-module': [ '2.15.1' ],
21 silly audit   'is-data-view': [ '1.0.1' ],
21 silly audit   'is-date-object': [ '1.0.5' ],
21 silly audit   'is-extglob': [ '2.1.1' ],
21 silly audit   'is-finalizationregistry': [ '1.0.2' ],
21 silly audit   'is-fullwidth-code-point': [ '3.0.0' ],
21 silly audit   'is-generator-function': [ '1.0.10' ],
21 silly audit   'is-glob': [ '4.0.3' ],
21 silly audit   'is-map': [ '2.0.3' ],
21 silly audit   'is-negative-zero': [ '2.0.3' ],
21 silly audit   'is-number': [ '7.0.0' ],
21 silly audit   'is-number-object': [ '1.0.7' ],
21 silly audit   'is-path-inside': [ '3.0.3' ],
21 silly audit   'is-regex': [ '1.1.4' ],
21 silly audit   'is-set': [ '2.0.3' ],
21 silly audit   'is-shared-array-buffer': [ '1.0.3' ],
21 silly audit   'is-string': [ '1.0.7' ],
21 silly audit   'is-symbol': [ '1.0.4' ],
21 silly audit   'is-typed-array': [ '1.1.13' ],
21 silly audit   'is-weakmap': [ '2.0.2' ],
21 silly audit   'is-weakref': [ '1.0.2' ],
21 silly audit   'is-weakset': [ '2.0.3' ],
21 silly audit   isarray: [ '2.0.5' ],
21 silly audit   isexe: [ '2.0.0' ],
21 silly audit   'iterator.prototype': [ '1.1.2' ],
21 silly audit   jackspeak: [ '2.3.6' ],
21 silly audit   'js-tokens': [ '4.0.0' ],
21 silly audit   'js-yaml': [ '4.1.0' ],
21 silly audit   'json-buffer': [ '3.0.1' ],
21 silly audit   'json-schema-traverse': [ '0.4.1' ],
21 silly audit   'json-stable-stringify-without-jsonify': [ '1.0.1' ],
21 silly audit   json5: [ '1.0.2' ],
21 silly audit   'jsx-ast-utils': [ '3.3.5' ],
21 silly audit   keyv: [ '4.5.4' ],
21 silly audit   'language-subtag-registry': [ '0.3.23' ],
21 silly audit   'language-tags': [ '1.0.9' ],
21 silly audit   levn: [ '0.4.1' ],
21 silly audit   'locate-path': [ '6.0.0' ],
21 silly audit   'lodash.merge': [ '4.6.2' ],
21 silly audit   'loose-envify': [ '1.4.0' ],
21 silly audit   'lru-cache': [ '10.4.3' ],
21 silly audit   merge2: [ '1.4.1' ],
21 silly audit   micromatch: [ '4.0.8' ],
21 silly audit   minimist: [ '1.2.8' ],
21 silly audit   minipass: [ '7.1.2' ],
21 silly audit   ms: [ '2.1.3' ],
21 silly audit   nanoid: [ '3.3.7' ],
21 silly audit   'natural-compare': [ '1.4.0' ],
21 silly audit   next: [ '14.2.14' ],
21 silly audit   nodemailer: [ '6.10.1' ],
21 silly audit   'object-assign': [ '4.1.1' ],
21 silly audit   'object-inspect': [ '1.13.2' ],
21 silly audit   'object-is': [ '1.1.6' ],
21 silly audit   'object-keys': [ '1.1.1' ],
21 silly audit   'object.assign': [ '4.1.5' ],
21 silly audit   'object.entries': [ '1.1.8' ],
21 silly audit   'object.fromentries': [ '2.0.8' ],
21 silly audit   'object.groupby': [ '1.0.3' ],
21 silly audit   'object.values': [ '1.2.0' ],
21 silly audit   ometa: [ '0.2.2' ],
21 silly audit   once: [ '1.4.0' ],
21 silly audit   optionator: [ '0.9.4' ],
21 silly audit   'p-limit': [ '3.1.0' ],
21 silly audit   'p-locate': [ '5.0.0' ],
21 silly audit   'parent-module': [ '1.0.1' ],
21 silly audit   'path-exists': [ '4.0.0' ],
21 silly audit   'path-is-absolute': [ '1.0.1' ],
21 silly audit   'path-key': [ '3.1.1' ],
21 silly audit   'path-parse': [ '1.0.7' ],
21 silly audit   'path-scurry': [ '1.11.1' ],
21 silly audit   picocolors: [ '1.1.0' ],
21 silly audit   picomatch: [ '2.3.1' ],
21 silly audit   'possible-typed-array-names': [ '1.0.0' ],
21 silly audit   postcss: [ '8.4.31' ],
21 silly audit   'prelude-ls': [ '1.2.1' ],
21 silly audit   'prop-types': [ '15.8.1' ],
21 silly audit   punycode: [ '2.3.1' ],
21 silly audit   'queue-microtask': [ '1.2.3' ],
21 silly audit   react: [ '18.3.1' ],
21 silly audit   'react-dom': [ '18.3.1' ],
21 silly audit   'react-fast-marquee': [ '1.6.5' ],
21 silly audit   'react-is': [ '16.13.1' ],
21 silly audit   readdirp: [ '4.0.2' ],
21 silly audit   'reflect.getprototypeof': [ '1.0.6' ],
21 silly audit   'regexp.prototype.flags': [ '1.5.3' ],
21 silly audit   'resolve-from': [ '4.0.0' ],
21 silly audit   'resolve-pkg-maps': [ '1.0.0' ],
21 silly audit   reusify: [ '1.0.4' ],
21 silly audit   rimraf: [ '3.0.2' ],
21 silly audit   'run-parallel': [ '1.2.0' ],
21 silly audit   'safe-array-concat': [ '1.1.2' ],
21 silly audit   'safe-regex-test': [ '1.0.3' ],
21 silly audit   sass: [ '1.79.4' ],
21 silly audit   scheduler: [ '0.23.2' ],
21 silly audit   scss: [ '0.2.4' ],
21 silly audit   'set-function-length': [ '1.2.2' ],
21 silly audit   'set-function-name': [ '2.0.2' ],
21 silly audit   'shebang-command': [ '2.0.0' ],
21 silly audit   'shebang-regex': [ '3.0.0' ],
21 silly audit   'side-channel': [ '1.0.6' ],
21 silly audit   'signal-exit': [ '4.1.0' ],
21 silly audit   'source-map-js': [ '1.2.1' ],
21 silly audit   'stop-iteration-iterator': [ '1.0.0' ],
21 silly audit   streamsearch: [ '1.1.0' ],
21 silly audit   'string-width': [ '5.1.2', '4.2.3' ],
21 silly audit   'string.prototype.includes': [ '2.0.0' ],
21 silly audit   'string.prototype.matchall': [ '4.0.11' ],
21 silly audit   'string.prototype.repeat': [ '1.0.0' ],
21 silly audit   'string.prototype.trim': [ '1.2.9' ],
21 silly audit   'string.prototype.trimend': [ '1.0.8' ],
21 silly audit   'string.prototype.trimstart': [ '1.0.8' ],
21 silly audit   'strip-bom': [ '3.0.0' ],
21 silly audit   'strip-json-comments': [ '3.1.1' ],
21 silly audit   'styled-jsx': [ '5.1.1' ],
21 silly audit   'supports-color': [ '7.2.0' ],
21 silly audit   'supports-preserve-symlinks-flag': [ '1.0.0' ],
21 silly audit   tapable: [ '2.2.1' ],
21 silly audit   'text-table': [ '0.2.0' ],
21 silly audit   'to-regex-range': [ '5.0.1' ],
21 silly audit   'ts-api-utils': [ '1.3.0' ],
21 silly audit   'tsconfig-paths': [ '3.15.0' ],
21 silly audit   tslib: [ '2.7.0' ],
21 silly audit   'type-check': [ '0.4.0' ],
21 silly audit   'type-fest': [ '0.20.2' ],
21 silly audit   'typed-array-buffer': [ '1.0.2' ],
21 silly audit   'typed-array-byte-length': [ '1.0.1' ],
21 silly audit   'typed-array-byte-offset': [ '1.0.2' ],
21 silly audit   'typed-array-length': [ '1.0.6' ],
21 silly audit   typescript: [ '5.6.2' ],
21 silly audit   'unbox-primitive': [ '1.0.2' ],
21 silly audit   'undici-types': [ '6.21.0' ],
21 silly audit   'uri-js': [ '4.4.1' ],
21 silly audit   which: [ '2.0.2' ],
21 silly audit   'which-boxed-primitive': [ '1.0.2' ],
21 silly audit   'which-builtin-type': [ '1.1.4' ],
21 silly audit   'which-collection': [ '1.0.2' ],
21 silly audit   'which-typed-array': [ '1.1.15' ],
21 silly audit   'word-wrap': [ '1.2.5' ],
21 silly audit   'wrap-ansi': [ '8.1.0', '7.0.0' ],
21 silly audit   wrappy: [ '1.0.2' ],
21 silly audit   'yocto-queue': [ '0.1.0' ],
21 silly audit   busboy: [ '1.6.0' ]
21 silly audit }
22 verbose reify failed optional dependency C:\Users\tives\Documents\projects\react\cillanew\node_modules\@next\swc-win32-ia32-msvc
23 silly reify mark deleted [
23 silly reify   'C:\\Users\\tives\\Documents\\projects\\react\\cillanew\\node_modules\\@next\\swc-win32-ia32-msvc'
23 silly reify ]
24 verbose reify failed optional dependency C:\Users\tives\Documents\projects\react\cillanew\node_modules\@next\swc-win32-arm64-msvc
25 silly reify mark deleted [
25 silly reify   'C:\\Users\\tives\\Documents\\projects\\react\\cillanew\\node_modules\\@next\\swc-win32-arm64-msvc'
25 silly reify ]
26 verbose reify failed optional dependency C:\Users\tives\Documents\projects\react\cillanew\node_modules\@next\swc-linux-x64-musl
27 silly reify mark deleted [
27 silly reify   'C:\\Users\\tives\\Documents\\projects\\react\\cillanew\\node_modules\\@next\\swc-linux-x64-musl'
27 silly reify ]
28 verbose reify failed optional dependency C:\Users\tives\Documents\projects\react\cillanew\node_modules\@next\swc-linux-x64-gnu
29 silly reify mark deleted [
29 silly reify   'C:\\Users\\tives\\Documents\\projects\\react\\cillanew\\node_modules\\@next\\swc-linux-x64-gnu'
29 silly reify ]
30 verbose reify failed optional dependency C:\Users\tives\Documents\projects\react\cillanew\node_modules\@next\swc-linux-arm64-musl
31 silly reify mark deleted [
31 silly reify   'C:\\Users\\tives\\Documents\\projects\\react\\cillanew\\node_modules\\@next\\swc-linux-arm64-musl'
31 silly reify ]
32 verbose reify failed optional dependency C:\Users\tives\Documents\projects\react\cillanew\node_modules\@next\swc-linux-arm64-gnu
33 silly reify mark deleted [
33 silly reify   'C:\\Users\\tives\\Documents\\projects\\react\\cillanew\\node_modules\\@next\\swc-linux-arm64-gnu'
33 silly reify ]
34 verbose reify failed optional dependency C:\Users\tives\Documents\projects\react\cillanew\node_modules\@next\swc-darwin-x64
35 silly reify mark deleted [
35 silly reify   'C:\\Users\\tives\\Documents\\projects\\react\\cillanew\\node_modules\\@next\\swc-darwin-x64'
35 silly reify ]
36 verbose reify failed optional dependency C:\Users\tives\Documents\projects\react\cillanew\node_modules\@next\swc-darwin-arm64
37 silly reify mark deleted [
37 silly reify   'C:\\Users\\tives\\Documents\\projects\\react\\cillanew\\node_modules\\@next\\swc-darwin-arm64'
37 silly reify ]
38 http fetch POST 200 https://registry.npmjs.org/-/npm/v1/security/advisories/bulk 1165ms
39 silly audit report {
39 silly audit report   'cross-spawn': [
39 silly audit report     {
39 silly audit report       id: 1100563,
39 silly audit report       url: 'https://github.com/advisories/GHSA-3xgq-45jj-v275',
39 silly audit report       title: 'Regular Expression Denial of Service (ReDoS) in cross-spawn',
39 silly audit report       severity: 'high',
39 silly audit report       vulnerable_versions: '>=7.0.0 <7.0.5',
39 silly audit report       cwe: [Array],
39 silly audit report       cvss: [Object]
39 silly audit report     }
39 silly audit report   ],
39 silly audit report   nanoid: [
39 silly audit report     {
39 silly audit report       id: 1101163,
39 silly audit report       url: 'https://github.com/advisories/GHSA-mwcw-c2x4-8c55',
39 silly audit report       title: 'Predictable results in nanoid generation when given non-integer values',
39 silly audit report       severity: 'moderate',
39 silly audit report       vulnerable_versions: '<3.3.8',
39 silly audit report       cwe: [Array],
39 silly audit report       cvss: [Object]
39 silly audit report     }
39 silly audit report   ],
39 silly audit report   next: [
39 silly audit report     {
39 silly audit report       id: 1101380,
39 silly audit report       url: 'https://github.com/advisories/GHSA-7gfc-8cq8-jh5f',
39 silly audit report       title: 'Next.js authorization bypass vulnerability',
39 silly audit report       severity: 'high',
39 silly audit report       vulnerable_versions: '>=9.5.5 <14.2.15',
39 silly audit report       cwe: [Array],
39 silly audit report       cvss: [Object]
39 silly audit report     },
39 silly audit report     {
39 silly audit report       id: 1101438,
39 silly audit report       url: 'https://github.com/advisories/GHSA-7m27-7ghc-44w9',
39 silly audit report       title: 'Next.js Allows a Denial of Service (DoS) with Server Actions',
39 silly audit report       severity: 'moderate',
39 silly audit report       vulnerable_versions: '>=14.0.0 <14.2.21',
39 silly audit report       cwe: [Array],
39 silly audit report       cvss: [Object]
39 silly audit report     },
39 silly audit report     {
39 silly audit report       id: 1103622,
39 silly audit report       url: 'https://github.com/advisories/GHSA-f82v-jwr5-mffw',
39 silly audit report       title: 'Authorization Bypass in Next.js Middleware',
39 silly audit report       severity: 'critical',
39 silly audit report       vulnerable_versions: '>=14.0.0 <14.2.25',
39 silly audit report       cwe: [Array],
39 silly audit report       cvss: [Object]
39 silly audit report     },
39 silly audit report     {
39 silly audit report       id: 1104490,
39 silly audit report       url: 'https://github.com/advisories/GHSA-qpjv-v59x-3qc4',
39 silly audit report       title: 'Next.js Race Condition to Cache Poisoning',
39 silly audit report       severity: 'low',
39 silly audit report       vulnerable_versions: '<14.2.24',
39 silly audit report       cwe: [Array],
39 silly audit report       cvss: [Object]
39 silly audit report     }
39 silly audit report   ]
39 silly audit report }
40 silly packumentCache corgi:https://registry.npmjs.org/cross-spawn cache-miss
41 silly packumentCache corgi:https://registry.npmjs.org/nanoid cache-miss
42 silly packumentCache corgi:https://registry.npmjs.org/next cache-miss
43 http fetch GET 200 https://registry.npmjs.org/cross-spawn 375ms (cache revalidated)
44 silly packumentCache corgi:https://registry.npmjs.org/cross-spawn set size:44626 disposed:false
45 http fetch GET 200 https://registry.npmjs.org/nanoid 1189ms (cache revalidated)
46 silly packumentCache corgi:https://registry.npmjs.org/nanoid set size:143800 disposed:false
47 http fetch GET 200 https://registry.npmjs.org/next 2017ms (cache revalidated)
48 silly packumentCache corgi:https://registry.npmjs.org/next set size:19928051 disposed:false
49 silly packumentCache corgi:https://registry.npmjs.org/eslint cache-miss
50 silly packumentCache corgi:https://registry.npmjs.org/foreground-child cache-miss
51 http fetch GET 200 https://registry.npmjs.org/eslint 1136ms (cache revalidated)
52 silly packumentCache corgi:https://registry.npmjs.org/eslint set size:1053982 disposed:false
53 http fetch GET 200 https://registry.npmjs.org/foreground-child 2326ms (cache revalidated)
54 silly packumentCache corgi:https://registry.npmjs.org/foreground-child set size:21249 disposed:false
55 silly packumentCache corgi:https://registry.npmjs.org/postcss cache-miss
56 http fetch GET 200 https://registry.npmjs.org/postcss 315ms (cache revalidated)
57 silly packumentCache corgi:https://registry.npmjs.org/postcss set size:334606 disposed:false
58 silly ADD
59 silly ADD
60 silly ADD
61 silly ADD
62 silly ADD
63 silly ADD
64 silly ADD
65 silly ADD
66 verbose cwd C:\Users\tives\Documents\projects\react\cillanew
67 verbose os Windows_NT 10.0.26100
68 verbose node v22.13.1
69 verbose npm  v10.9.2
70 verbose exit 0
71 info ok
