0 verbose cli C:\Program Files\nodejs\node.exe C:\Program Files\nodejs\node_modules\npm\bin\npm-cli.js
1 info using npm@10.9.2
2 info using node@v22.13.1
3 silly config load:file:C:\Program Files\nodejs\node_modules\npm\npmrc
4 silly config load:file:C:\Users\tives\Documents\projects\react\cillanew\.npmrc
5 silly config load:file:C:\Users\tives\.npmrc
6 silly config load:file:C:\Users\tives\Documents\projects\react\cillanew\tivesmynameAppDataRoamingnpm-cache\etc\npmrc
7 verbose title npm install @types/react @types/node
8 verbose argv "install" "--save-exact" "--save-dev" "@types/react" "@types/node"
9 verbose logfile logs-max:10 dir:C:\Users\tives\Documents\projects\react\cillanew\tivesmynameAppDataRoamingnpm-cache\_logs\2025-05-15T23_14_32_171Z-
10 verbose logfile C:\Users\tives\Documents\projects\react\cillanew\tivesmynameAppDataRoamingnpm-cache\_logs\2025-05-15T23_14_32_171Z-debug-0.log
11 silly logfile start cleaning logs, removing 1 files
12 silly packumentCache heap:3990880256 maxSize:997720064 maxEntrySize:498860032
13 silly logfile done cleaning log files
14 silly idealTree buildDeps
15 silly fetch manifest @types/react@*
16 silly packumentCache full:https://registry.npmjs.org/@types%2freact cache-miss
17 http fetch GET 200 https://registry.npmjs.org/@types%2freact 2088ms (cache miss)
18 silly packumentCache full:https://registry.npmjs.org/@types%2freact set size:undefined disposed:false
19 silly fetch manifest @types/node@*
20 silly packumentCache full:https://registry.npmjs.org/@types%2fnode cache-miss
21 http fetch GET 200 https://registry.npmjs.org/@types%2fnode 1001ms (cache miss)
22 silly packumentCache full:https://registry.npmjs.org/@types%2fnode set size:undefined disposed:false
23 silly placeDep ROOT @types/node@22.15.18 OK for: cilla@0.1.0 want: *
24 silly placeDep ROOT @types/react@19.1.4 OK for: cilla@0.1.0 want: *
25 silly fetch manifest undici-types@~6.21.0
26 silly packumentCache full:https://registry.npmjs.org/undici-types cache-miss
27 silly fetch manifest csstype@^3.0.2
28 silly packumentCache full:https://registry.npmjs.org/csstype cache-miss
29 http fetch GET 200 https://registry.npmjs.org/undici-types 153ms (cache miss)
30 silly packumentCache full:https://registry.npmjs.org/undici-types set size:undefined disposed:false
31 http fetch GET 200 https://registry.npmjs.org/csstype 464ms (cache miss)
32 silly packumentCache full:https://registry.npmjs.org/csstype set size:undefined disposed:false
33 silly placeDep ROOT undici-types@6.21.0 OK for: @types/node@22.15.18 want: ~6.21.0
34 silly placeDep ROOT csstype@3.1.3 OK for: @types/react@19.1.4 want: ^3.0.2
35 silly reify moves {}
36 silly audit bulk request {
36 silly audit   '@eslint-community/eslint-utils': [ '4.4.0' ],
36 silly audit   '@eslint-community/regexpp': [ '4.11.1' ],
36 silly audit   '@eslint/eslintrc': [ '2.1.4' ],
36 silly audit   '@eslint/js': [ '8.57.1' ],
36 silly audit   '@humanwhocodes/config-array': [ '0.13.0' ],
36 silly audit   '@humanwhocodes/module-importer': [ '1.0.1' ],
36 silly audit   '@humanwhocodes/object-schema': [ '2.0.3' ],
36 silly audit   '@isaacs/cliui': [ '8.0.2' ],
36 silly audit   'ansi-regex': [ '6.1.0', '5.0.1' ],
36 silly audit   'strip-ansi': [ '7.1.0', '6.0.1' ],
36 silly audit   '@next/env': [ '14.2.14' ],
36 silly audit   '@next/eslint-plugin-next': [ '14.2.14' ],
36 silly audit   '@next/swc-darwin-arm64': [ '14.2.14' ],
36 silly audit   '@next/swc-darwin-x64': [ '14.2.14' ],
36 silly audit   '@next/swc-linux-arm64-gnu': [ '14.2.14' ],
36 silly audit   '@next/swc-linux-arm64-musl': [ '14.2.14' ],
36 silly audit   '@next/swc-linux-x64-gnu': [ '14.2.14' ],
36 silly audit   '@next/swc-linux-x64-musl': [ '14.2.14' ],
36 silly audit   '@next/swc-win32-arm64-msvc': [ '14.2.14' ],
36 silly audit   '@next/swc-win32-ia32-msvc': [ '14.2.14' ],
36 silly audit   '@next/swc-win32-x64-msvc': [ '14.2.14' ],
36 silly audit   '@noble/hashes': [ '1.8.0' ],
36 silly audit   '@nodelib/fs.scandir': [ '2.1.5' ],
36 silly audit   '@nodelib/fs.stat': [ '2.0.5' ],
36 silly audit   '@nodelib/fs.walk': [ '1.2.8' ],
36 silly audit   '@nolyfill/is-core-module': [ '1.0.39' ],
36 silly audit   '@paralleldrive/cuid2': [ '2.2.2' ],
36 silly audit   '@pkgjs/parseargs': [ '0.11.0' ],
36 silly audit   '@rtsao/scc': [ '1.1.0' ],
36 silly audit   '@rushstack/eslint-patch': [ '1.10.4' ],
36 silly audit   '@swc/counter': [ '0.1.3' ],
36 silly audit   '@swc/helpers': [ '0.5.5' ],
36 silly audit   '@types/json5': [ '0.0.29' ],
36 silly audit   '@typescript-eslint/eslint-plugin': [ '8.8.0' ],
36 silly audit   '@typescript-eslint/parser': [ '8.8.0' ],
36 silly audit   '@typescript-eslint/scope-manager': [ '8.8.0' ],
36 silly audit   '@typescript-eslint/type-utils': [ '8.8.0' ],
36 silly audit   '@typescript-eslint/types': [ '8.8.0' ],
36 silly audit   '@typescript-eslint/typescript-estree': [ '8.8.0' ],
36 silly audit   'brace-expansion': [ '2.0.1', '1.1.11' ],
36 silly audit   minimatch: [ '9.0.5', '3.1.2' ],
36 silly audit   '@typescript-eslint/utils': [ '8.8.0' ],
36 silly audit   '@typescript-eslint/visitor-keys': [ '8.8.0' ],
36 silly audit   '@ungap/structured-clone': [ '1.2.0' ],
36 silly audit   acorn: [ '8.12.1' ],
36 silly audit   'acorn-jsx': [ '5.3.2' ],
36 silly audit   ajv: [ '6.12.6' ],
36 silly audit   'ansi-styles': [ '4.3.0', '6.2.1' ],
36 silly audit   argparse: [ '2.0.1' ],
36 silly audit   'aria-query': [ '5.1.3' ],
36 silly audit   'array-buffer-byte-length': [ '1.0.1' ],
36 silly audit   'array-includes': [ '3.1.8' ],
36 silly audit   'array.prototype.findlast': [ '1.2.5' ],
36 silly audit   'array.prototype.findlastindex': [ '1.2.5' ],
36 silly audit   'array.prototype.flat': [ '1.3.2' ],
36 silly audit   'array.prototype.flatmap': [ '1.3.2' ],
36 silly audit   'array.prototype.tosorted': [ '1.1.4' ],
36 silly audit   'arraybuffer.prototype.slice': [ '1.0.3' ],
36 silly audit   asap: [ '2.0.6' ],
36 silly audit   'ast-types-flow': [ '0.0.8' ],
36 silly audit   'available-typed-arrays': [ '1.0.7' ],
36 silly audit   'axe-core': [ '4.10.0' ],
36 silly audit   'axobject-query': [ '4.1.0' ],
36 silly audit   'balanced-match': [ '1.0.2' ],
36 silly audit   braces: [ '3.0.3' ],
36 silly audit   busboy: [ '1.6.0' ],
36 silly audit   'call-bind': [ '1.0.7' ],
36 silly audit   callsites: [ '3.1.0' ],
36 silly audit   'caniuse-lite': [ '1.0.30001667' ],
36 silly audit   chalk: [ '4.1.2' ],
36 silly audit   chokidar: [ '4.0.1' ],
36 silly audit   'client-only': [ '0.0.1' ],
36 silly audit   'color-convert': [ '2.0.1' ],
36 silly audit   'color-name': [ '1.1.4' ],
36 silly audit   'concat-map': [ '0.0.1' ],
36 silly audit   'cross-spawn': [ '7.0.3' ],
36 silly audit   'damerau-levenshtein': [ '1.0.8' ],
36 silly audit   'data-view-buffer': [ '1.0.1' ],
36 silly audit   'data-view-byte-length': [ '1.0.1' ],
36 silly audit   'data-view-byte-offset': [ '1.0.0' ],
36 silly audit   debug: [ '4.3.7', '3.2.7' ],
36 silly audit   'deep-equal': [ '2.2.3' ],
36 silly audit   'deep-is': [ '0.1.4' ],
36 silly audit   'define-data-property': [ '1.1.4' ],
36 silly audit   'define-properties': [ '1.2.1' ],
36 silly audit   dezalgo: [ '1.0.4' ],
36 silly audit   doctrine: [ '3.0.0', '2.1.0' ],
36 silly audit   eastasianwidth: [ '0.2.0' ],
36 silly audit   'emailjs-com': [ '3.2.0' ],
36 silly audit   'emoji-regex': [ '9.2.2', '8.0.0' ],
36 silly audit   'enhanced-resolve': [ '5.17.1' ],
36 silly audit   'es-abstract': [ '1.23.3' ],
36 silly audit   'es-define-property': [ '1.0.0' ],
36 silly audit   'es-errors': [ '1.3.0' ],
36 silly audit   'es-get-iterator': [ '1.1.3' ],
36 silly audit   'es-iterator-helpers': [ '1.0.19' ],
36 silly audit   'es-object-atoms': [ '1.0.0' ],
36 silly audit   'es-set-tostringtag': [ '2.0.3' ],
36 silly audit   'es-shim-unscopables': [ '1.0.2' ],
36 silly audit   'es-to-primitive': [ '1.2.1' ],
36 silly audit   'escape-string-regexp': [ '4.0.0' ],
36 silly audit   eslint: [ '8.57.1' ],
36 silly audit   'eslint-config-next': [ '14.2.14' ],
36 silly audit   'eslint-import-resolver-node': [ '0.3.9' ],
36 silly audit   'eslint-import-resolver-typescript': [ '3.6.3' ],
36 silly audit   'eslint-module-utils': [ '2.12.0' ],
36 silly audit   'eslint-plugin-import': [ '2.31.0' ],
36 silly audit   semver: [ '6.3.1', '7.6.3' ],
36 silly audit   'eslint-plugin-jsx-a11y': [ '6.10.0' ],
36 silly audit   'eslint-plugin-react': [ '7.37.1' ],
36 silly audit   'eslint-plugin-react-hooks': [ '4.6.2' ],
36 silly audit   resolve: [ '2.0.0-next.5', '1.22.8' ],
36 silly audit   'eslint-scope': [ '7.2.2' ],
36 silly audit   'eslint-visitor-keys': [ '3.4.3' ],
36 silly audit   espree: [ '9.6.1' ],
36 silly audit   esquery: [ '1.6.0' ],
36 silly audit   esrecurse: [ '4.3.0' ],
36 silly audit   estraverse: [ '5.3.0' ],
36 silly audit   esutils: [ '2.0.3' ],
36 silly audit   'fast-deep-equal': [ '3.1.3' ],
36 silly audit   'fast-glob': [ '3.3.2' ],
36 silly audit   'glob-parent': [ '5.1.2', '6.0.2' ],
36 silly audit   'fast-json-stable-stringify': [ '2.1.0' ],
36 silly audit   'fast-levenshtein': [ '2.0.6' ],
36 silly audit   fastq: [ '1.17.1' ],
36 silly audit   'file-entry-cache': [ '6.0.1' ],
36 silly audit   'fill-range': [ '7.1.1' ],
36 silly audit   'find-up': [ '5.0.0' ],
36 silly audit   'flat-cache': [ '3.2.0' ],
36 silly audit   flatted: [ '3.3.1' ],
36 silly audit   'for-each': [ '0.3.3' ],
36 silly audit   'foreground-child': [ '3.3.0' ],
36 silly audit   formidable: [ '3.5.4' ],
36 silly audit   'framer-motion': [ '11.11.8' ],
36 silly audit   'fs.realpath': [ '1.0.0' ],
36 silly audit   'function-bind': [ '1.1.2' ],
36 silly audit   'function.prototype.name': [ '1.1.6' ],
36 silly audit   'functions-have-names': [ '1.2.3' ],
36 silly audit   'get-intrinsic': [ '1.2.4' ],
36 silly audit   'get-symbol-description': [ '1.0.2' ],
36 silly audit   'get-tsconfig': [ '4.8.1' ],
36 silly audit   glob: [ '10.3.10', '7.2.3' ],
36 silly audit   globals: [ '13.24.0' ],
36 silly audit   globalthis: [ '1.0.4' ],
36 silly audit   gopd: [ '1.0.1' ],
36 silly audit   'graceful-fs': [ '4.2.11' ],
36 silly audit   graphemer: [ '1.4.0' ],
36 silly audit   'has-bigints': [ '1.0.2' ],
36 silly audit   'has-flag': [ '4.0.0' ],
36 silly audit   'has-property-descriptors': [ '1.0.2' ],
36 silly audit   'has-proto': [ '1.0.3' ],
36 silly audit   'has-symbols': [ '1.0.3' ],
36 silly audit   'has-tostringtag': [ '1.0.2' ],
36 silly audit   hasown: [ '2.0.2' ],
36 silly audit   ignore: [ '5.3.2' ],
36 silly audit   immutable: [ '4.3.7' ],
36 silly audit   'import-fresh': [ '3.3.0' ],
36 silly audit   imurmurhash: [ '0.1.4' ],
36 silly audit   inflight: [ '1.0.6' ],
36 silly audit   inherits: [ '2.0.4' ],
36 silly audit   'internal-slot': [ '1.0.7' ],
36 silly audit   'is-arguments': [ '1.1.1' ],
36 silly audit   'is-array-buffer': [ '3.0.4' ],
36 silly audit   'is-async-function': [ '2.0.0' ],
36 silly audit   'is-bigint': [ '1.0.4' ],
36 silly audit   'is-boolean-object': [ '1.1.2' ],
36 silly audit   'is-bun-module': [ '1.2.1' ],
36 silly audit   'is-callable': [ '1.2.7' ],
36 silly audit   'is-core-module': [ '2.15.1' ],
36 silly audit   'is-data-view': [ '1.0.1' ],
36 silly audit   'is-date-object': [ '1.0.5' ],
36 silly audit   'is-extglob': [ '2.1.1' ],
36 silly audit   'is-finalizationregistry': [ '1.0.2' ],
36 silly audit   'is-fullwidth-code-point': [ '3.0.0' ],
36 silly audit   'is-generator-function': [ '1.0.10' ],
36 silly audit   'is-glob': [ '4.0.3' ],
36 silly audit   'is-map': [ '2.0.3' ],
36 silly audit   'is-negative-zero': [ '2.0.3' ],
36 silly audit   'is-number': [ '7.0.0' ],
36 silly audit   'is-number-object': [ '1.0.7' ],
36 silly audit   'is-path-inside': [ '3.0.3' ],
36 silly audit   'is-regex': [ '1.1.4' ],
36 silly audit   'is-set': [ '2.0.3' ],
36 silly audit   'is-shared-array-buffer': [ '1.0.3' ],
36 silly audit   'is-string': [ '1.0.7' ],
36 silly audit   'is-symbol': [ '1.0.4' ],
36 silly audit   'is-typed-array': [ '1.1.13' ],
36 silly audit   'is-weakmap': [ '2.0.2' ],
36 silly audit   'is-weakref': [ '1.0.2' ],
36 silly audit   'is-weakset': [ '2.0.3' ],
36 silly audit   isarray: [ '2.0.5' ],
36 silly audit   isexe: [ '2.0.0' ],
36 silly audit   'iterator.prototype': [ '1.1.2' ],
36 silly audit   jackspeak: [ '2.3.6' ],
36 silly audit   'js-tokens': [ '4.0.0' ],
36 silly audit   'js-yaml': [ '4.1.0' ],
36 silly audit   'json-buffer': [ '3.0.1' ],
36 silly audit   'json-schema-traverse': [ '0.4.1' ],
36 silly audit   'json-stable-stringify-without-jsonify': [ '1.0.1' ],
36 silly audit   json5: [ '1.0.2' ],
36 silly audit   'jsx-ast-utils': [ '3.3.5' ],
36 silly audit   keyv: [ '4.5.4' ],
36 silly audit   'language-subtag-registry': [ '0.3.23' ],
36 silly audit   'language-tags': [ '1.0.9' ],
36 silly audit   levn: [ '0.4.1' ],
36 silly audit   'locate-path': [ '6.0.0' ],
36 silly audit   'lodash.merge': [ '4.6.2' ],
36 silly audit   'loose-envify': [ '1.4.0' ],
36 silly audit   'lru-cache': [ '10.4.3' ],
36 silly audit   merge2: [ '1.4.1' ],
36 silly audit   micromatch: [ '4.0.8' ],
36 silly audit   minimist: [ '1.2.8' ],
36 silly audit   minipass: [ '7.1.2' ],
36 silly audit   ms: [ '2.1.3' ],
36 silly audit   nanoid: [ '3.3.7' ],
36 silly audit   'natural-compare': [ '1.4.0' ],
36 silly audit   next: [ '14.2.14' ],
36 silly audit   nodemailer: [ '6.10.1' ],
36 silly audit   'object-assign': [ '4.1.1' ],
36 silly audit   'object-inspect': [ '1.13.2' ],
36 silly audit   'object-is': [ '1.1.6' ],
36 silly audit   'object-keys': [ '1.1.1' ],
36 silly audit   'object.assign': [ '4.1.5' ],
36 silly audit   'object.entries': [ '1.1.8' ],
36 silly audit   'object.fromentries': [ '2.0.8' ],
36 silly audit   'object.groupby': [ '1.0.3' ],
36 silly audit   'object.values': [ '1.2.0' ],
36 silly audit   ometa: [ '0.2.2' ],
36 silly audit   once: [ '1.4.0' ],
36 silly audit   optionator: [ '0.9.4' ],
36 silly audit   'p-limit': [ '3.1.0' ],
36 silly audit   'p-locate': [ '5.0.0' ],
36 silly audit   'parent-module': [ '1.0.1' ],
36 silly audit   'path-exists': [ '4.0.0' ],
36 silly audit   'path-is-absolute': [ '1.0.1' ],
36 silly audit   'path-key': [ '3.1.1' ],
36 silly audit   'path-parse': [ '1.0.7' ],
36 silly audit   'path-scurry': [ '1.11.1' ],
36 silly audit   picocolors: [ '1.1.0' ],
36 silly audit   picomatch: [ '2.3.1' ],
36 silly audit   'possible-typed-array-names': [ '1.0.0' ],
36 silly audit   postcss: [ '8.4.31' ],
36 silly audit   'prelude-ls': [ '1.2.1' ],
36 silly audit   'prop-types': [ '15.8.1' ],
36 silly audit   punycode: [ '2.3.1' ],
36 silly audit   'queue-microtask': [ '1.2.3' ],
36 silly audit   react: [ '18.3.1' ],
36 silly audit   'react-dom': [ '18.3.1' ],
36 silly audit   'react-fast-marquee': [ '1.6.5' ],
36 silly audit   'react-is': [ '16.13.1' ],
36 silly audit   readdirp: [ '4.0.2' ],
36 silly audit   'reflect.getprototypeof': [ '1.0.6' ],
36 silly audit   'regexp.prototype.flags': [ '1.5.3' ],
36 silly audit   'resolve-from': [ '4.0.0' ],
36 silly audit   'resolve-pkg-maps': [ '1.0.0' ],
36 silly audit   reusify: [ '1.0.4' ],
36 silly audit   rimraf: [ '3.0.2' ],
36 silly audit   'run-parallel': [ '1.2.0' ],
36 silly audit   'safe-array-concat': [ '1.1.2' ],
36 silly audit   'safe-regex-test': [ '1.0.3' ],
36 silly audit   sass: [ '1.79.4' ],
36 silly audit   scheduler: [ '0.23.2' ],
36 silly audit   scss: [ '0.2.4' ],
36 silly audit   'set-function-length': [ '1.2.2' ],
36 silly audit   'set-function-name': [ '2.0.2' ],
36 silly audit   'shebang-command': [ '2.0.0' ],
36 silly audit   'shebang-regex': [ '3.0.0' ],
36 silly audit   'side-channel': [ '1.0.6' ],
36 silly audit   'signal-exit': [ '4.1.0' ],
36 silly audit   'source-map-js': [ '1.2.1' ],
36 silly audit   'stop-iteration-iterator': [ '1.0.0' ],
36 silly audit   streamsearch: [ '1.1.0' ],
36 silly audit   'string-width': [ '5.1.2', '4.2.3' ],
36 silly audit   'string.prototype.includes': [ '2.0.0' ],
36 silly audit   'string.prototype.matchall': [ '4.0.11' ],
36 silly audit   'string.prototype.repeat': [ '1.0.0' ],
36 silly audit   'string.prototype.trim': [ '1.2.9' ],
36 silly audit   'string.prototype.trimend': [ '1.0.8' ],
36 silly audit   'string.prototype.trimstart': [ '1.0.8' ],
36 silly audit   'strip-bom': [ '3.0.0' ],
36 silly audit   'strip-json-comments': [ '3.1.1' ],
36 silly audit   'styled-jsx': [ '5.1.1' ],
36 silly audit   'supports-color': [ '7.2.0' ],
36 silly audit   'supports-preserve-symlinks-flag': [ '1.0.0' ],
36 silly audit   tapable: [ '2.2.1' ],
36 silly audit   'text-table': [ '0.2.0' ],
36 silly audit   'to-regex-range': [ '5.0.1' ],
36 silly audit   'ts-api-utils': [ '1.3.0' ],
36 silly audit   'tsconfig-paths': [ '3.15.0' ],
36 silly audit   tslib: [ '2.7.0' ],
36 silly audit   'type-check': [ '0.4.0' ],
36 silly audit   'type-fest': [ '0.20.2' ],
36 silly audit   'typed-array-buffer': [ '1.0.2' ],
36 silly audit   'typed-array-byte-length': [ '1.0.1' ],
36 silly audit   'typed-array-byte-offset': [ '1.0.2' ],
36 silly audit   'typed-array-length': [ '1.0.6' ],
36 silly audit   typescript: [ '5.6.2' ],
36 silly audit   'unbox-primitive': [ '1.0.2' ],
36 silly audit   'uri-js': [ '4.4.1' ],
36 silly audit   which: [ '2.0.2' ],
36 silly audit   'which-boxed-primitive': [ '1.0.2' ],
36 silly audit   'which-builtin-type': [ '1.1.4' ],
36 silly audit   'which-collection': [ '1.0.2' ],
36 silly audit   'which-typed-array': [ '1.1.15' ],
36 silly audit   'word-wrap': [ '1.2.5' ],
36 silly audit   'wrap-ansi': [ '8.1.0', '7.0.0' ],
36 silly audit   wrappy: [ '1.0.2' ],
36 silly audit   'yocto-queue': [ '0.1.0' ],
36 silly audit   '@types/node': [ '22.15.18' ],
36 silly audit   '@types/react': [ '19.1.4' ],
36 silly audit   'undici-types': [ '6.21.0' ],
36 silly audit   csstype: [ '3.1.3' ]
36 silly audit }
37 verbose reify failed optional dependency C:\Users\tives\Documents\projects\react\cillanew\node_modules\@next\swc-win32-ia32-msvc
38 silly reify mark deleted [
38 silly reify   'C:\\Users\\tives\\Documents\\projects\\react\\cillanew\\node_modules\\@next\\swc-win32-ia32-msvc'
38 silly reify ]
39 verbose reify failed optional dependency C:\Users\tives\Documents\projects\react\cillanew\node_modules\@next\swc-win32-arm64-msvc
40 silly reify mark deleted [
40 silly reify   'C:\\Users\\tives\\Documents\\projects\\react\\cillanew\\node_modules\\@next\\swc-win32-arm64-msvc'
40 silly reify ]
41 verbose reify failed optional dependency C:\Users\tives\Documents\projects\react\cillanew\node_modules\@next\swc-linux-x64-musl
42 silly reify mark deleted [
42 silly reify   'C:\\Users\\tives\\Documents\\projects\\react\\cillanew\\node_modules\\@next\\swc-linux-x64-musl'
42 silly reify ]
43 verbose reify failed optional dependency C:\Users\tives\Documents\projects\react\cillanew\node_modules\@next\swc-linux-x64-gnu
44 silly reify mark deleted [
44 silly reify   'C:\\Users\\tives\\Documents\\projects\\react\\cillanew\\node_modules\\@next\\swc-linux-x64-gnu'
44 silly reify ]
45 verbose reify failed optional dependency C:\Users\tives\Documents\projects\react\cillanew\node_modules\@next\swc-linux-arm64-musl
46 silly reify mark deleted [
46 silly reify   'C:\\Users\\tives\\Documents\\projects\\react\\cillanew\\node_modules\\@next\\swc-linux-arm64-musl'
46 silly reify ]
47 verbose reify failed optional dependency C:\Users\tives\Documents\projects\react\cillanew\node_modules\@next\swc-linux-arm64-gnu
48 silly reify mark deleted [
48 silly reify   'C:\\Users\\tives\\Documents\\projects\\react\\cillanew\\node_modules\\@next\\swc-linux-arm64-gnu'
48 silly reify ]
49 verbose reify failed optional dependency C:\Users\tives\Documents\projects\react\cillanew\node_modules\@next\swc-darwin-x64
50 silly reify mark deleted [
50 silly reify   'C:\\Users\\tives\\Documents\\projects\\react\\cillanew\\node_modules\\@next\\swc-darwin-x64'
50 silly reify ]
51 verbose reify failed optional dependency C:\Users\tives\Documents\projects\react\cillanew\node_modules\@next\swc-darwin-arm64
52 silly reify mark deleted [
52 silly reify   'C:\\Users\\tives\\Documents\\projects\\react\\cillanew\\node_modules\\@next\\swc-darwin-arm64'
52 silly reify ]
53 http cache csstype@https://registry.npmjs.org/csstype/-/csstype-3.1.3.tgz 1ms (cache hit)
54 http cache undici-types@https://registry.npmjs.org/undici-types/-/undici-types-6.21.0.tgz 0ms (cache hit)
55 http cache @types/react@https://registry.npmjs.org/@types/react/-/react-19.1.4.tgz 0ms (cache hit)
56 silly tarball no local data for csstype@https://registry.npmjs.org/csstype/-/csstype-3.1.3.tgz. Extracting by manifest.
57 http cache @types/node@https://registry.npmjs.org/@types/node/-/node-22.15.18.tgz 0ms (cache hit)
58 silly tarball no local data for undici-types@https://registry.npmjs.org/undici-types/-/undici-types-6.21.0.tgz. Extracting by manifest.
59 silly tarball no local data for @types/react@https://registry.npmjs.org/@types/react/-/react-19.1.4.tgz. Extracting by manifest.
60 silly tarball no local data for @types/node@https://registry.npmjs.org/@types/node/-/node-22.15.18.tgz. Extracting by manifest.
61 http fetch GET 200 https://registry.npmjs.org/csstype/-/csstype-3.1.3.tgz 370ms (cache miss)
62 http fetch POST 200 https://registry.npmjs.org/-/npm/v1/security/advisories/bulk 446ms
63 silly audit report {
63 silly audit report   'cross-spawn': [
63 silly audit report     {
63 silly audit report       id: 1100563,
63 silly audit report       url: 'https://github.com/advisories/GHSA-3xgq-45jj-v275',
63 silly audit report       title: 'Regular Expression Denial of Service (ReDoS) in cross-spawn',
63 silly audit report       severity: 'high',
63 silly audit report       vulnerable_versions: '>=7.0.0 <7.0.5',
63 silly audit report       cwe: [Array],
63 silly audit report       cvss: [Object]
63 silly audit report     }
63 silly audit report   ],
63 silly audit report   nanoid: [
63 silly audit report     {
63 silly audit report       id: 1101163,
63 silly audit report       url: 'https://github.com/advisories/GHSA-mwcw-c2x4-8c55',
63 silly audit report       title: 'Predictable results in nanoid generation when given non-integer values',
63 silly audit report       severity: 'moderate',
63 silly audit report       vulnerable_versions: '<3.3.8',
63 silly audit report       cwe: [Array],
63 silly audit report       cvss: [Object]
63 silly audit report     }
63 silly audit report   ],
63 silly audit report   next: [
63 silly audit report     {
63 silly audit report       id: 1101380,
63 silly audit report       url: 'https://github.com/advisories/GHSA-7gfc-8cq8-jh5f',
63 silly audit report       title: 'Next.js authorization bypass vulnerability',
63 silly audit report       severity: 'high',
63 silly audit report       vulnerable_versions: '>=9.5.5 <14.2.15',
63 silly audit report       cwe: [Array],
63 silly audit report       cvss: [Object]
63 silly audit report     },
63 silly audit report     {
63 silly audit report       id: 1101438,
63 silly audit report       url: 'https://github.com/advisories/GHSA-7m27-7ghc-44w9',
63 silly audit report       title: 'Next.js Allows a Denial of Service (DoS) with Server Actions',
63 silly audit report       severity: 'moderate',
63 silly audit report       vulnerable_versions: '>=14.0.0 <14.2.21',
63 silly audit report       cwe: [Array],
63 silly audit report       cvss: [Object]
63 silly audit report     },
63 silly audit report     {
63 silly audit report       id: 1103622,
63 silly audit report       url: 'https://github.com/advisories/GHSA-f82v-jwr5-mffw',
63 silly audit report       title: 'Authorization Bypass in Next.js Middleware',
63 silly audit report       severity: 'critical',
63 silly audit report       vulnerable_versions: '>=14.0.0 <14.2.25',
63 silly audit report       cwe: [Array],
63 silly audit report       cvss: [Object]
63 silly audit report     },
63 silly audit report     {
63 silly audit report       id: 1104490,
63 silly audit report       url: 'https://github.com/advisories/GHSA-qpjv-v59x-3qc4',
63 silly audit report       title: 'Next.js Race Condition to Cache Poisoning',
63 silly audit report       severity: 'low',
63 silly audit report       vulnerable_versions: '<14.2.24',
63 silly audit report       cwe: [Array],
63 silly audit report       cvss: [Object]
63 silly audit report     }
63 silly audit report   ]
63 silly audit report }
64 silly packumentCache corgi:https://registry.npmjs.org/cross-spawn cache-miss
65 silly packumentCache corgi:https://registry.npmjs.org/nanoid cache-miss
66 silly packumentCache corgi:https://registry.npmjs.org/next cache-miss
67 http fetch GET 200 https://registry.npmjs.org/nanoid 397ms (cache revalidated)
68 silly packumentCache corgi:https://registry.npmjs.org/nanoid set size:143800 disposed:false
69 http fetch GET 200 https://registry.npmjs.org/cross-spawn 418ms (cache revalidated)
70 silly packumentCache corgi:https://registry.npmjs.org/cross-spawn set size:44626 disposed:false
71 http fetch GET 200 https://registry.npmjs.org/next 556ms (cache revalidated)
72 silly packumentCache corgi:https://registry.npmjs.org/next set size:19928051 disposed:false
73 silly packumentCache corgi:https://registry.npmjs.org/eslint cache-miss
74 silly packumentCache corgi:https://registry.npmjs.org/foreground-child cache-miss
75 http fetch GET 200 https://registry.npmjs.org/eslint 190ms (cache revalidated)
76 silly packumentCache corgi:https://registry.npmjs.org/eslint set size:1053982 disposed:false
77 http fetch GET 200 https://registry.npmjs.org/foreground-child 246ms (cache revalidated)
78 silly packumentCache corgi:https://registry.npmjs.org/foreground-child set size:21249 disposed:false
79 silly packumentCache corgi:https://registry.npmjs.org/postcss cache-miss
80 http fetch GET 200 https://registry.npmjs.org/undici-types/-/undici-types-6.21.0.tgz 2339ms (cache miss)
81 http fetch GET 200 https://registry.npmjs.org/postcss 208ms (cache revalidated)
82 silly packumentCache corgi:https://registry.npmjs.org/postcss set size:334606 disposed:false
83 http fetch GET 200 https://registry.npmjs.org/@types/react/-/react-19.1.4.tgz 2618ms (cache miss)
84 http fetch GET 200 https://registry.npmjs.org/@types/node/-/node-22.15.18.tgz 3269ms (cache miss)
85 silly ADD node_modules/csstype
86 silly ADD node_modules/undici-types
87 silly ADD node_modules/@types/react
88 silly ADD node_modules/@types/node
89 silly ADD
90 silly ADD
91 silly ADD
92 silly ADD
93 silly ADD
94 silly ADD
95 silly ADD
96 silly ADD
97 verbose cwd C:\Users\tives\Documents\projects\react\cillanew
98 verbose os Windows_NT 10.0.26100
99 verbose node v22.13.1
100 verbose npm  v10.9.2
101 verbose exit 0
102 info ok
