0 verbose cli C:\Program Files\nodejs\node.exe C:\Program Files\nodejs\node_modules\npm\bin\npm-cli.js
1 info using npm@10.9.2
2 info using node@v22.13.1
3 silly config load:file:C:\Program Files\nodejs\node_modules\npm\npmrc
4 silly config load:file:C:\Users\tives\Documents\projects\react\cillanew\.npmrc
5 silly config load:file:C:\Users\tives\.npmrc
6 silly config load:file:C:\Users\tives\Documents\projects\react\cillanew\tivesmynameAppDataRoamingnpm-cache\etc\npmrc
7 verbose title npm i next-form-data
8 verbose argv "i" "next-form-data"
9 verbose logfile logs-max:10 dir:C:\Users\tives\Documents\projects\react\cillanew\tivesmynameAppDataRoamingnpm-cache\_logs\2025-05-15T23_23_50_731Z-
10 verbose logfile C:\Users\tives\Documents\projects\react\cillanew\tivesmynameAppDataRoamingnpm-cache\_logs\2025-05-15T23_23_50_731Z-debug-0.log
11 silly logfile start cleaning logs, removing 1 files
12 silly packumentCache heap:2197815296 maxSize:549453824 maxEntrySize:274726912
13 silly logfile done cleaning log files
14 silly idealTree buildDeps
15 silly fetch manifest next-form-data@*
16 silly packumentCache full:https://registry.npmjs.org/next-form-data cache-miss
17 http fetch GET 404 https://registry.npmjs.org/next-form-data 689ms (cache skip)
18 silly placeDep ROOT next-form-data@ OK for: cilla@0.1.0 want: *
19 verbose stack HttpErrorGeneral: 404 Not Found - GET https://registry.npmjs.org/next-form-data - Not found
19 verbose stack     at C:\Program Files\nodejs\node_modules\npm\node_modules\npm-registry-fetch\lib\check-response.js:103:15
19 verbose stack     at process.processTicksAndRejections (node:internal/process/task_queues:105:5)
19 verbose stack     at async RegistryFetcher.packument (C:\Program Files\nodejs\node_modules\npm\node_modules\pacote\lib\registry.js:90:19)
19 verbose stack     at async RegistryFetcher.manifest (C:\Program Files\nodejs\node_modules\npm\node_modules\pacote\lib\registry.js:128:23)
19 verbose stack     at async #fetchManifest (C:\Program Files\nodejs\node_modules\npm\node_modules\@npmcli\arborist\lib\arborist\build-ideal-tree.js:1202:20)
19 verbose stack     at async #nodeFromEdge (C:\Program Files\nodejs\node_modules\npm\node_modules\@npmcli\arborist\lib\arborist\build-ideal-tree.js:1040:19)
19 verbose stack     at async #buildDepStep (C:\Program Files\nodejs\node_modules\npm\node_modules\@npmcli\arborist\lib\arborist\build-ideal-tree.js:904:11)
19 verbose stack     at async Arborist.buildIdealTree (C:\Program Files\nodejs\node_modules\npm\node_modules\@npmcli\arborist\lib\arborist\build-ideal-tree.js:181:7)
19 verbose stack     at async Promise.all (index 1)
19 verbose stack     at async Arborist.reify (C:\Program Files\nodejs\node_modules\npm\node_modules\@npmcli\arborist\lib\arborist\reify.js:131:5)
20 verbose statusCode 404
21 verbose pkgid next-form-data@*
22 error code E404
23 error 404 Not Found - GET https://registry.npmjs.org/next-form-data - Not found
24 error 404
25 error 404  'next-form-data@*' is not in this registry.
26 error 404
27 error 404 Note that you can also install from a
28 error 404 tarball, folder, http url, or git url.
29 silly unfinished npm timer reify 1747351432719
30 silly unfinished npm timer reify:loadTrees 1747351432722
31 verbose cwd C:\Users\tives\Documents\projects\react\cillanew
32 verbose os Windows_NT 10.0.26100
33 verbose node v22.13.1
34 verbose npm  v10.9.2
35 verbose exit 1
36 verbose code 1
37 error A complete log of this run can be found in: C:\Users\tives\Documents\projects\react\cillanew\tivesmynameAppDataRoamingnpm-cache\_logs\2025-05-15T23_23_50_731Z-debug-0.log
