0 verbose cli C:\Program Files\nodejs\node.exe C:\Program Files\nodejs\node_modules\npm\bin\npm-cli.js
1 info using npm@10.9.2
2 info using node@v22.13.1
3 silly config load:file:C:\Program Files\nodejs\node_modules\npm\npmrc
4 silly config load:file:C:\Users\tives\Documents\projects\react\cillanew\.npmrc
5 silly config load:file:C:\Users\tives\.npmrc
6 silly config load:file:C:\Users\tives\Documents\projects\react\cillanew\tivesmynameAppDataRoamingnpm-cache\etc\npmrc
7 verbose title npm run build
8 verbose argv "run" "build"
9 verbose logfile logs-max:10 dir:C:\Users\tives\Documents\projects\react\cillanew\tivesmynameAppDataRoamingnpm-cache\_logs\2025-05-24T19_37_18_287Z-
10 verbose logfile C:\Users\tives\Documents\projects\react\cillanew\tivesmynameAppDataRoamingnpm-cache\_logs\2025-05-24T19_37_18_287Z-debug-0.log
11 silly logfile start cleaning logs, removing 1 files
12 silly logfile done cleaning log files
13 http fetch GET 200 https://registry.npmjs.org/npm 1247ms
14 verbose cwd C:\Users\tives\Documents\projects\react\cillanew
15 verbose os Windows_NT 10.0.26100
16 verbose node v22.13.1
17 verbose npm  v10.9.2
18 notice
18 notice New [31mmajor[39m version of npm available! [31m10.9.2[39m -> [34m11.4.1[39m
18 notice Changelog: [34mhttps://github.com/npm/cli/releases/tag/v11.4.1[39m
18 notice To update run: [4mnpm install -g npm@11.4.1[24m
18 notice  { force: true, [Symbol(proc-log.meta)]: true }
19 verbose exit 1
20 verbose code 1
